Watching for file changes with StatReloader
/root/.virtaulenvs/newxq/lib/python3.6/site-packages/pymysql/cursors.py:170: Warning: (3135, "'NO_ZERO_DATE', 'NO_ZERO_IN_DATE' and 'ERROR_FOR_DIVISION_BY_ZERO' sql modes should be used with strict mode. They will be merged with strict mode in a future release.")
  result = self._query(query)
/root/.virtaulenvs/newxq/lib/python3.6/site-packages/pymysql/cursors.py:170: Warning: (3090, "Changing sql mode 'NO_AUTO_CREATE_USER' is deprecated. It will be removed in a future release.")
  result = self._query(query)
[13/Aug/2019 21:20:01] "GET / HTTP/1.1" 200 5184
[13/Aug/2019 21:20:13] "POST / HTTP/1.1" 302 0
[13/Aug/2019 21:20:15] "GET /main/ HTTP/1.1" 200 38815
[13/Aug/2019 21:20:16] "GET /static/css/fonts/glyphicons-halflings-regular.woff HTTP/1.1" 404 1781
[13/Aug/2019 21:20:16] "GET /static/css/fonts/glyphicons-halflings-regular.ttf HTTP/1.1" 404 1778
[13/Aug/2019 21:20:56] "GET / HTTP/1.1" 200 5184
[13/Aug/2019 21:21:11] "POST / HTTP/1.1" 302 0
[13/Aug/2019 21:21:13] "GET /admindex/ HTTP/1.1" 200 28084
[13/Aug/2019 21:21:13] "GET /static/css/admin_css/font/font-awesome.min.css HTTP/1.1" 404 1769
[13/Aug/2019 21:21:13] "GET /static/css/admin_css/ace-skins.min.css HTTP/1.1" 200 26460
[13/Aug/2019 21:21:13] "GET /static/js/admin_js/ace-extra.min.js HTTP/1.1" 200 5964
[13/Aug/2019 21:21:13] "GET /static/avatars/user.jpg HTTP/1.1" 200 1191
[13/Aug/2019 21:21:13] "GET /static/js/admin_js/typeahead-bs2.min.js HTTP/1.1" 200 8319
[13/Aug/2019 21:21:13] "GET /static/js/admin_js/excanvas.min.js HTTP/1.1" 200 19314
[13/Aug/2019 21:21:13] "GET /static/js/admin_js/jquery-ui-1.10.3.custom.min.js HTTP/1.1" 200 92937
[13/Aug/2019 21:21:14] "GET /static/js/admin_js/jquery.ui.touch-punch.min.js HTTP/1.1" 200 1190
[13/Aug/2019 21:21:14] "GET /static/js/admin_js/jquery.slimscroll.min.js HTTP/1.1" 200 4621
[13/Aug/2019 21:21:14] "GET /static/js/admin_js/jquery.easy-pie-chart.min.js HTTP/1.1" 200 3445
[13/Aug/2019 21:21:14] "GET /static/js/admin_js/jquery.sparkline.min.js HTTP/1.1" 200 43247
[13/Aug/2019 21:21:14] "GET /static/js/admin_js/flot/jquery.flot.min.js HTTP/1.1" 200 36649
[13/Aug/2019 21:21:14] "GET /static/js/admin_js/flot/jquery.flot.pie.min.js HTTP/1.1" 200 10473
[13/Aug/2019 21:21:14] "GET /static/js/admin_js/flot/jquery.flot.resize.min.js HTTP/1.1" 200 1880
[13/Aug/2019 21:21:14] "GET /static/js/admin_js/ace-elements.min.js HTTP/1.1" 200 18548
[13/Aug/2019 21:21:15] "GET /static/js/admin_js/ace.min.js HTTP/1.1" 200 8260
[13/Aug/2019 21:21:16] "GET /static/js/admin_js/echarts.common.min.js HTTP/1.1" 200 472614
[13/Aug/2019 21:22:22] "GET /associate/ HTTP/1.1" 200 25858
Not Found: /associate/assets/avatars/user.jpg
[13/Aug/2019 21:22:22] "GET /associate/assets/avatars/user.jpg HTTP/1.1" 404 6679
[13/Aug/2019 21:22:36] "GET /static/css/fonts/glyphicons-halflings-regular.woff HTTP/1.1" 404 1781
[13/Aug/2019 21:22:36] "GET /static/css/fonts/glyphicons-halflings-regular.ttf HTTP/1.1" 404 1778
[13/Aug/2019 21:26:56] "GET /tj/ HTTP/1.1" 200 50105
[13/Aug/2019 21:27:04] "POST /tjcollage/ HTTP/1.1" 200 917
[13/Aug/2019 21:27:10] "POST /tjcollage/ HTTP/1.1" 200 795
[13/Aug/2019 21:28:59] "GET / HTTP/1.1" 200 5184
[13/Aug/2019 21:29:02] "POST / HTTP/1.1" 302 0
[13/Aug/2019 21:29:05] "GET /main/ HTTP/1.1" 200 38815
[13/Aug/2019 21:29:05] "GET /static/css/fonts/glyphicons-halflings-regular.woff HTTP/1.1" 404 1781
[13/Aug/2019 21:29:06] "GET /static/css/fonts/glyphicons-halflings-regular.ttf HTTP/1.1" 404 1778
[13/Aug/2019 21:30:19] "GET /static/css/fonts/glyphicons-halflings-regular.woff HTTP/1.1" 404 1781
[13/Aug/2019 21:31:09] "GET / HTTP/1.1" 200 5184
[13/Aug/2019 21:31:18] "POST / HTTP/1.1" 302 0
[13/Aug/2019 21:31:20] "GET /admindex/ HTTP/1.1" 200 28084
[13/Aug/2019 21:31:20] "GET /static/css/admin_css/font/font-awesome.min.css HTTP/1.1" 404 1769
[13/Aug/2019 21:31:47] "GET /associate/ HTTP/1.1" 200 25858
Not Found: /associate/assets/avatars/user.jpg
[13/Aug/2019 21:31:47] "GET /associate/assets/avatars/user.jpg HTTP/1.1" 404 6679
[13/Aug/2019 21:31:51] "GET /static/css/fonts/glyphicons-halflings-regular.woff HTTP/1.1" 404 1781
[13/Aug/2019 21:31:51] "GET /static/css/fonts/glyphicons-halflings-regular.ttf HTTP/1.1" 404 1778
[13/Aug/2019 21:36:17] "GET / HTTP/1.1" 200 5184
[13/Aug/2019 21:36:25] "POST / HTTP/1.1" 302 0
[13/Aug/2019 21:36:27] "GET /admindex/ HTTP/1.1" 200 28084
[13/Aug/2019 21:36:27] "GET /static/css/admin_css/font/font-awesome.min.css HTTP/1.1" 404 1769
[13/Aug/2019 21:36:33] "GET /xqdetail/%E6%95%B0%E6%8D%AE%E6%9E%B6%E6%9E%84 HTTP/1.1" 200 16513
[13/Aug/2019 21:36:36] "GET /static/css/admin_css/font/font-awesome.min.css HTTP/1.1" 404 1769
[13/Aug/2019 21:36:39] "GET /xqdetail/Android HTTP/1.1" 200 16525
Not Found: /profile.html
[13/Aug/2019 21:36:43] "GET /profile.html HTTP/1.1" 404 6616
Not Found: /profile.html
[13/Aug/2019 21:36:58] "GET /profile.html HTTP/1.1" 404 6616
Not Found: /profile.html
[13/Aug/2019 21:37:23] "GET /profile.html HTTP/1.1" 404 6616
[13/Aug/2019 21:37:28] "GET /st_like/ HTTP/1.1" 200 16445
[13/Aug/2019 21:37:34] "GET /st_like/ HTTP/1.1" 200 16445
[13/Aug/2019 21:37:50] "GET /warm/ HTTP/1.1" 200 20393
[13/Aug/2019 21:37:50] "GET /static/js/admin_js/jquery.min.js HTTP/1.1" 404 1727
[13/Aug/2019 21:37:50] "GET /static/js/admin_js/jquery.dataTables.min.js HTTP/1.1" 200 70856
[13/Aug/2019 21:37:51] "GET /static/js/admin_js/jquery.dataTables.bootstrap.js HTTP/1.1" 200 4113
[13/Aug/2019 21:37:53] "GET /warm_detail/20162057/ HTTP/1.1" 200 12049
[13/Aug/2019 21:38:00] "GET /warm_detail/20162056/ HTTP/1.1" 200 13618
[13/Aug/2019 21:38:08] "GET /warm_detail/20162092/ HTTP/1.1" 200 12823
[14/Aug/2019 20:48:37] "GET / HTTP/1.1" 200 5184
[14/Aug/2019 20:48:37] "GET /static/css/admin_css/ace-rtl.min.css HTTP/1.1" 200 36873
[14/Aug/2019 20:48:37] "GET /static/css/admin_css/font-awesome.min.css HTTP/1.1" 200 22119
[14/Aug/2019 20:48:37] "GET /static/js/admin_js/bootstrap.min.js HTTP/1.1" 200 27726
[14/Aug/2019 20:48:37] "GET /static/css/admin_css/bootstrap.min.css HTTP/1.1" 200 96273
[14/Aug/2019 20:48:38] "GET /static/js/admin_js/jquery-2.0.3.min.js HTTP/1.1" 200 83612
[14/Aug/2019 20:48:39] "GET /static/css/admin_css/ace.min.css HTTP/1.1" 200 271482
[14/Aug/2019 20:48:39] "GET /static/css/font/fontawesome-webfont.woff?v=3.2.1 HTTP/1.1" 200 81284
Not Found: /favicon.ico
[14/Aug/2019 20:48:39] "GET /favicon.ico HTTP/1.1" 404 6613
[14/Aug/2019 22:07:29] "GET /autologin/1/20162163/eb09cff0b27a4a3783adddf194c7644a HTTP/1.1" 302 0
[14/Aug/2019 22:07:32] "GET /main/ HTTP/1.1" 200 37659
[14/Aug/2019 22:07:32] "GET /static/css/stu_css/datepicker3.css HTTP/1.1" 200 33772
[14/Aug/2019 22:07:33] "GET /static/css/mains/main.css HTTP/1.1" 200 41904
[14/Aug/2019 22:07:33] "GET /static/css/stu_css/me.css HTTP/1.1" 200 16045
[14/Aug/2019 22:07:33] "GET /static/css/stu_css/bootstrap.min.css HTTP/1.1" 200 109518
[14/Aug/2019 22:07:33] "GET /static/images/icon.png HTTP/1.1" 200 3561
[14/Aug/2019 22:07:33] "GET /static/js/admin_js/jquery-2.0.3.min.js HTTP/1.1" 200 83612
[14/Aug/2019 22:07:33] "GET /static/js/stu_js/bootstrap.min.js HTTP/1.1" 200 31819
[14/Aug/2019 22:07:33] "GET /static/js/stu_js/chart.min.js HTTP/1.1" 200 50937
[14/Aug/2019 22:07:33] "GET /static/js/stu_js/chart-data.js HTTP/1.1" 200 3472
[14/Aug/2019 22:07:33] "GET /static/js/stu_js/easypiechart.js HTTP/1.1" 200 9066
[14/Aug/2019 22:07:33] "GET /static/js/stu_js/easypiechart-data.js HTTP/1.1" 200 534
[14/Aug/2019 22:07:33] "GET /static/js/stu_js/echarts.common.min.js HTTP/1.1" 200 472614
[14/Aug/2019 22:07:33] "GET /static/js/stu_js/bootstrap-datepicker.js HTTP/1.1" 200 46822
[14/Aug/2019 22:07:33] "GET /static/images/f4.jpg HTTP/1.1" 200 1934
[14/Aug/2019 22:07:34] "GET /static/css/fonts/glyphicons-halflings-regular.woff HTTP/1.1" 404 1781
[14/Aug/2019 22:07:34] "GET /static/css/fonts/glyphicons-halflings-regular.ttf HTTP/1.1" 404 1778
Not Found: /favicon.ico
[14/Aug/2019 22:07:35] "GET /favicon.ico HTTP/1.1" 404 6613
[14/Aug/2019 22:34:32] "GET / HTTP/1.1" 200 5184
[14/Aug/2019 22:34:35] "POST / HTTP/1.1" 302 0
[14/Aug/2019 22:34:38] "GET /main/ HTTP/1.1" 200 38815
[14/Aug/2019 22:34:38] "GET /static/css/stu_css/datepicker3.css HTTP/1.1" 200 33772
[14/Aug/2019 22:34:38] "GET /static/css/mains/main.css HTTP/1.1" 200 41904
[14/Aug/2019 22:34:38] "GET /static/css/stu_css/me.css HTTP/1.1" 200 16045
[14/Aug/2019 22:34:38] "GET /static/images/icon.png HTTP/1.1" 200 3561
[14/Aug/2019 22:34:38] "GET /static/js/stu_js/bootstrap.min.js HTTP/1.1" 200 31819
[14/Aug/2019 22:34:38] "GET /static/css/stu_css/bootstrap.min.css HTTP/1.1" 200 109518
[14/Aug/2019 22:34:38] "GET /static/js/stu_js/chart.min.js HTTP/1.1" 200 50937
[14/Aug/2019 22:34:39] "GET /static/js/stu_js/chart-data.js HTTP/1.1" 200 3472
[14/Aug/2019 22:34:39] "GET /static/js/stu_js/easypiechart.js HTTP/1.1" 200 9066
[14/Aug/2019 22:34:39] "GET /static/js/stu_js/easypiechart-data.js HTTP/1.1" 200 534
[14/Aug/2019 22:34:39] "GET /static/js/stu_js/bootstrap-datepicker.js HTTP/1.1" 200 46822
[14/Aug/2019 22:34:39] "GET /static/images/f4.jpg HTTP/1.1" 200 1934
[14/Aug/2019 22:34:42] "GET /static/js/stu_js/echarts.common.min.js HTTP/1.1" 200 472614
[14/Aug/2019 22:34:43] "GET /static/css/fonts/glyphicons-halflings-regular.woff HTTP/1.1" 404 1781
[14/Aug/2019 22:34:43] "GET /static/css/fonts/glyphicons-halflings-regular.ttf HTTP/1.1" 404 1778
[14/Aug/2019 22:35:19] "GET / HTTP/1.1" 200 5184
[14/Aug/2019 22:35:19] "GET /static/css/admin_css/font-awesome.min.css HTTP/1.1" 200 22119
[14/Aug/2019 22:35:19] "GET /static/css/admin_css/ace-rtl.min.css HTTP/1.1" 200 36873
[14/Aug/2019 22:35:19] "GET /static/js/admin_js/bootstrap.min.js HTTP/1.1" 200 27726
[14/Aug/2019 22:35:20] "GET /static/css/admin_css/bootstrap.min.css HTTP/1.1" 200 96273
[14/Aug/2019 22:35:20] "GET /static/js/admin_js/jquery-2.0.3.min.js HTTP/1.1" 200 83612
[14/Aug/2019 22:35:20] "GET /static/css/font/fontawesome-webfont.woff?v=3.2.1 HTTP/1.1" 200 81284
[14/Aug/2019 22:35:21] "GET /static/css/admin_css/ace.min.css HTTP/1.1" 200 271482
[14/Aug/2019 22:35:31] "POST / HTTP/1.1" 302 0
[14/Aug/2019 22:35:34] "GET /main/ HTTP/1.1" 200 38815
[14/Aug/2019 22:35:34] "GET /static/css/mains/main.css HTTP/1.1" 200 41904
[14/Aug/2019 22:35:34] "GET /static/images/icon.png HTTP/1.1" 200 3561
[14/Aug/2019 22:35:34] "GET /static/css/stu_css/me.css HTTP/1.1" 200 16045
[14/Aug/2019 22:35:34] "GET /static/images/f4.jpg HTTP/1.1" 200 1934
[14/Aug/2019 22:35:34] "GET /static/css/stu_css/datepicker3.css HTTP/1.1" 200 33772
[14/Aug/2019 22:35:35] "GET /static/js/stu_js/bootstrap.min.js HTTP/1.1" 200 31819
[14/Aug/2019 22:35:35] "GET /static/js/stu_js/chart.min.js HTTP/1.1" 200 50937
[14/Aug/2019 22:35:35] "GET /static/js/stu_js/chart-data.js HTTP/1.1" 200 3472
[14/Aug/2019 22:35:35] "GET /static/js/stu_js/easypiechart.js HTTP/1.1" 200 9066
[14/Aug/2019 22:35:35] "GET /static/js/stu_js/easypiechart-data.js HTTP/1.1" 200 534
[14/Aug/2019 22:35:35] "GET /static/js/stu_js/bootstrap-datepicker.js HTTP/1.1" 200 46822
[14/Aug/2019 22:35:35] "GET /static/css/stu_css/bootstrap.min.css HTTP/1.1" 200 109518
[14/Aug/2019 22:35:39] "GET /static/js/stu_js/echarts.common.min.js HTTP/1.1" 200 472614
[14/Aug/2019 22:35:39] "GET /static/css/fonts/glyphicons-halflings-regular.woff HTTP/1.1" 404 1781
[14/Aug/2019 22:35:39] "GET /static/css/fonts/glyphicons-halflings-regular.ttf HTTP/1.1" 404 1778
[14/Aug/2019 22:36:11] "GET / HTTP/1.1" 200 5184
[14/Aug/2019 22:36:16] "POST / HTTP/1.1" 302 0
[14/Aug/2019 22:36:19] "GET /main/ HTTP/1.1" 200 38815
[14/Aug/2019 22:36:19] "GET /static/css/fonts/glyphicons-halflings-regular.woff HTTP/1.1" 404 1781
[14/Aug/2019 22:36:19] "GET /static/css/fonts/glyphicons-halflings-regular.ttf HTTP/1.1" 404 1778
[14/Aug/2019 22:36:29] "GET /static/css/stu_css/me.css HTTP/1.1" 200 16045
[14/Aug/2019 22:36:31] "GET /static/css/stu_css/datepicker3.css HTTP/1.1" 200 33772
[14/Aug/2019 22:36:32] "GET /static/js/admin_js/jquery-2.0.3.min.map HTTP/1.1" 404 1748
[14/Aug/2019 22:36:32] "GET /static/css/mains/main.css HTTP/1.1" 200 41904
[14/Aug/2019 22:36:34] "GET /static/css/stu_css/bootstrap.min.css HTTP/1.1" 200 109518
[14/Aug/2019 22:36:40] "GET /static/js/admin_js/jquery-2.0.3.min.map HTTP/1.1" 404 1748
[14/Aug/2019 22:56:19] "GET /static/css/fonts/glyphicons-halflings-regular.ttf HTTP/1.1" 404 1778
